app/build/intermediates/manifest_merge_blame_file/debug/manifest-merger-blame-debug-report.txt
1<?xml version="1.0" encoding="utf-8"?>
2<manifest xmlns:android="http://schemas.android.com/apk/res/android"
3    package="com.example.myapplication"
4    android:versionCode="1"
5    android:versionName="1.0" >
6
7    <uses-sdk
8        android:minSdkVersion="26"
8-->src\main\AndroidManifest.xml
9        android:targetSdkVersion="31" />
9-->src\main\AndroidManifest.xml
10
11    <uses-permission android:name="android.permission.INTERNET" />
11-->src\main\AndroidManifest.xml:5:5-67
11-->src\main\AndroidManifest.xml:5:22-64
12
13    <uses-feature
13-->src\main\AndroidManifest.xml:7:5-9:35
14        android:name="android.hardware.camera"
14-->src\main\AndroidManifest.xml:8:9-47
15        android:required="true" />
15-->src\main\AndroidManifest.xml:9:9-32
16
17    <uses-permission android:name="android.permission.WRITE_EXTERNAL_STORAGE" />
17-->src\main\AndroidManifest.xml:11:5-81
17-->src\main\AndroidManifest.xml:11:22-78
18
19    <!-- Although the *SdkVersion is captured in gradle build files, this is required for non gradle builds -->
20    <!-- <uses-sdk android:minSdkVersion="14"/> -->
21    <uses-permission android:name="android.permission.ACCESS_NETWORK_STATE" />
21-->[com.google.firebase:firebase-database:20.0.2] AndroidManifest.xml:25:5-79
21-->[com.google.firebase:firebase-database:20.0.2] AndroidManifest.xml:25:22-76
22
23    <application
23-->src\main\AndroidManifest.xml:13:5-67:19
24        android:allowBackup="true"
24-->src\main\AndroidManifest.xml:14:9-35
25        android:appComponentFactory="androidx.core.app.CoreComponentFactory"
25-->[androidx.core:core:1.5.0] AndroidManifest.xml:24:18-86
26        android:debuggable="true"
27        android:extractNativeLibs="false"
28        android:icon="@mipmap/ic_launcher"
28-->src\main\AndroidManifest.xml:15:9-43
29        android:label="@string/app_name"
29-->src\main\AndroidManifest.xml:16:9-41
30        android:roundIcon="@mipmap/ic_launcher_round"
30-->src\main\AndroidManifest.xml:17:9-54
31        android:supportsRtl="true"
31-->src\main\AndroidManifest.xml:18:9-35
32        android:testOnly="true"
33        android:theme="@style/Theme.MyApplication"
33-->src\main\AndroidManifest.xml:19:9-51
34        android:usesCleartextTraffic="true" >
34-->src\main\AndroidManifest.xml:20:9-44
35        <activity
35-->src\main\AndroidManifest.xml:21:9-23:39
36            android:name="com.example.myapplication.Event_detailed"
36-->src\main\AndroidManifest.xml:22:13-43
37            android:exported="true" />
37-->src\main\AndroidManifest.xml:23:13-36
38        <activity
38-->src\main\AndroidManifest.xml:24:9-26:39
39            android:name="com.example.myapplication.SearchActivity"
39-->src\main\AndroidManifest.xml:25:13-43
40            android:exported="true" />
40-->src\main\AndroidManifest.xml:26:13-36
41        <activity
41-->src\main\AndroidManifest.xml:27:9-29:39
42            android:name="com.example.myapplication.ResetPassword"
42-->src\main\AndroidManifest.xml:28:13-42
43            android:exported="true" />
43-->src\main\AndroidManifest.xml:29:13-36
44        <activity
44-->src\main\AndroidManifest.xml:30:9-32:39
45            android:name="com.example.myapplication.Edit_profile"
45-->src\main\AndroidManifest.xml:31:13-41
46            android:exported="true" />
46-->src\main\AndroidManifest.xml:32:13-36
47        <activity
47-->src\main\AndroidManifest.xml:33:9-35:39
48            android:name="com.example.myapplication.RegisterPage"
48-->src\main\AndroidManifest.xml:34:13-41
49            android:exported="true" />
49-->src\main\AndroidManifest.xml:35:13-36
50        <activity
50-->src\main\AndroidManifest.xml:36:9-38:39
51            android:name="com.example.myapplication.LoginActivity"
51-->src\main\AndroidManifest.xml:37:13-42
52            android:exported="true" />
52-->src\main\AndroidManifest.xml:38:13-36
53        <activity
53-->src\main\AndroidManifest.xml:39:9-41:39
54            android:name="com.example.myapplication.Entry_page"
54-->src\main\AndroidManifest.xml:40:13-39
55            android:exported="true" />
55-->src\main\AndroidManifest.xml:41:13-36
56        <activity
56-->src\main\AndroidManifest.xml:42:9-44:39
57            android:name="com.example.myapplication.create_new_event"
57-->src\main\AndroidManifest.xml:43:13-45
58            android:exported="true" />
58-->src\main\AndroidManifest.xml:44:13-36
59        <activity
59-->src\main\AndroidManifest.xml:45:9-47:39
60            android:name="com.example.myapplication.Home_after_authorization"
60-->src\main\AndroidManifest.xml:46:13-53
61            android:exported="true" />
61-->src\main\AndroidManifest.xml:47:13-36
62        <activity
62-->src\main\AndroidManifest.xml:48:9-50:39
63            android:name="com.example.myapplication.Detailed_group"
63-->src\main\AndroidManifest.xml:49:13-43
64            android:exported="true" />
64-->src\main\AndroidManifest.xml:50:13-36
65        <activity
65-->src\main\AndroidManifest.xml:51:9-57:20
66            android:name="com.example.myapplication.Create_new_group"
66-->src\main\AndroidManifest.xml:52:13-45
67            android:exported="true" >
67-->src\main\AndroidManifest.xml:53:13-36
68            <intent-filter>
68-->src\main\AndroidManifest.xml:54:13-56:29
69                <category android:name="android.intent.category.DEFAULT" />
69-->src\main\AndroidManifest.xml:55:17-76
69-->src\main\AndroidManifest.xml:55:27-73
70            </intent-filter>
71        </activity>
72        <activity
72-->src\main\AndroidManifest.xml:58:9-66:20
73            android:name="com.example.myapplication.MainActivity"
73-->src\main\AndroidManifest.xml:59:13-41
74            android:exported="true" >
74-->src\main\AndroidManifest.xml:60:13-36
75            <intent-filter>
75-->src\main\AndroidManifest.xml:61:13-65:29
76                <action android:name="android.intent.action.MAIN" />
76-->src\main\AndroidManifest.xml:62:17-69
76-->src\main\AndroidManifest.xml:62:25-66
77
78                <category android:name="android.intent.category.LAUNCHER" />
78-->src\main\AndroidManifest.xml:64:17-77
78-->src\main\AndroidManifest.xml:64:27-74
79            </intent-filter>
80        </activity>
81
82        <service
82-->[com.google.firebase:firebase-database:20.0.2] AndroidManifest.xml:29:9-35:19
83            android:name="com.google.firebase.components.ComponentDiscoveryService"
83-->[com.google.firebase:firebase-database:20.0.2] AndroidManifest.xml:30:13-84
84            android:directBootAware="true"
84-->[com.google.firebase:firebase-common:20.0.0] AndroidManifest.xml:35:13-43
85            android:exported="false" >
85-->[com.google.firebase:firebase-database:20.0.2] AndroidManifest.xml:31:13-37
86            <meta-data
86-->[com.google.firebase:firebase-database:20.0.2] AndroidManifest.xml:32:13-34:85
87                android:name="com.google.firebase.components:com.google.firebase.database.DatabaseRegistrar"
87-->[com.google.firebase:firebase-database:20.0.2] AndroidManifest.xml:33:17-109
88                android:value="com.google.firebase.components.ComponentRegistrar" />
88-->[com.google.firebase:firebase-database:20.0.2] AndroidManifest.xml:34:17-82
89            <meta-data
89-->[com.google.firebase:firebase-storage:20.0.0] AndroidManifest.xml:33:13-35:85
90                android:name="com.google.firebase.components:com.google.firebase.storage.StorageRegistrar"
90-->[com.google.firebase:firebase-storage:20.0.0] AndroidManifest.xml:34:17-107
91                android:value="com.google.firebase.components.ComponentRegistrar" />
91-->[com.google.firebase:firebase-storage:20.0.0] AndroidManifest.xml:35:17-82
92            <meta-data
92-->[com.google.firebase:firebase-auth:21.0.1] AndroidManifest.xml:77:13-79:85
93                android:name="com.google.firebase.components:com.google.firebase.auth.FirebaseAuthRegistrar"
93-->[com.google.firebase:firebase-auth:21.0.1] AndroidManifest.xml:78:17-109
94                android:value="com.google.firebase.components.ComponentRegistrar" />
94-->[com.google.firebase:firebase-auth:21.0.1] AndroidManifest.xml:79:17-82
95        </service>
96
97        <activity
97-->[com.google.firebase:firebase-auth:21.0.1] AndroidManifest.xml:27:9-44:20
98            android:name="com.google.firebase.auth.internal.GenericIdpActivity"
98-->[com.google.firebase:firebase-auth:21.0.1] AndroidManifest.xml:28:13-80
99            android:excludeFromRecents="true"
99-->[com.google.firebase:firebase-auth:21.0.1] AndroidManifest.xml:29:13-46
100            android:exported="true"
100-->[com.google.firebase:firebase-auth:21.0.1] AndroidManifest.xml:30:13-36
101            android:launchMode="singleTask"
101-->[com.google.firebase:firebase-auth:21.0.1] AndroidManifest.xml:31:13-44
102            android:theme="@android:style/Theme.Translucent.NoTitleBar" >
102-->[com.google.firebase:firebase-auth:21.0.1] AndroidManifest.xml:32:13-72
103            <intent-filter>
103-->[com.google.firebase:firebase-auth:21.0.1] AndroidManifest.xml:33:13-43:29
104                <action android:name="android.intent.action.VIEW" />
104-->[com.google.firebase:firebase-auth:21.0.1] AndroidManifest.xml:34:17-69
104-->[com.google.firebase:firebase-auth:21.0.1] AndroidManifest.xml:34:25-66
105
106                <category android:name="android.intent.category.DEFAULT" />
106-->src\main\AndroidManifest.xml:55:17-76
106-->src\main\AndroidManifest.xml:55:27-73
107                <category android:name="android.intent.category.BROWSABLE" />
107-->[com.google.firebase:firebase-auth:21.0.1] AndroidManifest.xml:37:17-78
107-->[com.google.firebase:firebase-auth:21.0.1] AndroidManifest.xml:37:27-75
108
109                <data
109-->[com.google.firebase:firebase-auth:21.0.1] AndroidManifest.xml:39:17-42:51
110                    android:host="firebase.auth"
110-->[com.google.firebase:firebase-auth:21.0.1] AndroidManifest.xml:40:21-49
111                    android:path="/"
111-->[com.google.firebase:firebase-auth:21.0.1] AndroidManifest.xml:41:21-37
112                    android:scheme="genericidp" />
112-->[com.google.firebase:firebase-auth:21.0.1] AndroidManifest.xml:42:21-48
113            </intent-filter>
114        </activity>
115        <activity
115-->[com.google.firebase:firebase-auth:21.0.1] AndroidManifest.xml:45:9-62:20
116            android:name="com.google.firebase.auth.internal.RecaptchaActivity"
116-->[com.google.firebase:firebase-auth:21.0.1] AndroidManifest.xml:46:13-79
117            android:excludeFromRecents="true"
117-->[com.google.firebase:firebase-auth:21.0.1] AndroidManifest.xml:47:13-46
118            android:exported="true"
118-->[com.google.firebase:firebase-auth:21.0.1] AndroidManifest.xml:48:13-36
119            android:launchMode="singleTask"
119-->[com.google.firebase:firebase-auth:21.0.1] AndroidManifest.xml:49:13-44
120            android:theme="@android:style/Theme.Translucent.NoTitleBar" >
120-->[com.google.firebase:firebase-auth:21.0.1] AndroidManifest.xml:50:13-72
121            <intent-filter>
121-->[com.google.firebase:firebase-auth:21.0.1] AndroidManifest.xml:51:13-61:29
122                <action android:name="android.intent.action.VIEW" />
122-->[com.google.firebase:firebase-auth:21.0.1] AndroidManifest.xml:34:17-69
122-->[com.google.firebase:firebase-auth:21.0.1] AndroidManifest.xml:34:25-66
123
124                <category android:name="android.intent.category.DEFAULT" />
124-->src\main\AndroidManifest.xml:55:17-76
124-->src\main\AndroidManifest.xml:55:27-73
125                <category android:name="android.intent.category.BROWSABLE" />
125-->[com.google.firebase:firebase-auth:21.0.1] AndroidManifest.xml:37:17-78
125-->[com.google.firebase:firebase-auth:21.0.1] AndroidManifest.xml:37:27-75
126
127                <data
127-->[com.google.firebase:firebase-auth:21.0.1] AndroidManifest.xml:39:17-42:51
128                    android:host="firebase.auth"
128-->[com.google.firebase:firebase-auth:21.0.1] AndroidManifest.xml:40:21-49
129                    android:path="/"
129-->[com.google.firebase:firebase-auth:21.0.1] AndroidManifest.xml:41:21-37
130                    android:scheme="recaptcha" />
130-->[com.google.firebase:firebase-auth:21.0.1] AndroidManifest.xml:42:21-48
131            </intent-filter>
132        </activity>
133
134        <service
134-->[com.google.firebase:firebase-auth:21.0.1] AndroidManifest.xml:64:9-73:19
135            android:name="com.google.firebase.auth.api.fallback.service.FirebaseAuthFallbackService"
135-->[com.google.firebase:firebase-auth:21.0.1] AndroidManifest.xml:65:13-101
136            android:enabled="true"
136-->[com.google.firebase:firebase-auth:21.0.1] AndroidManifest.xml:66:13-35
137            android:exported="false" >
137-->[com.google.firebase:firebase-auth:21.0.1] AndroidManifest.xml:67:13-37
138            <intent-filter>
138-->[com.google.firebase:firebase-auth:21.0.1] AndroidManifest.xml:68:13-72:29
139                <action android:name="com.google.firebase.auth.api.gms.service.START" />
139-->[com.google.firebase:firebase-auth:21.0.1] AndroidManifest.xml:69:17-89
139-->[com.google.firebase:firebase-auth:21.0.1] AndroidManifest.xml:69:25-86
140
141                <category android:name="android.intent.category.DEFAULT" />
141-->src\main\AndroidManifest.xml:55:17-76
141-->src\main\AndroidManifest.xml:55:27-73
142            </intent-filter>
143        </service>
144
145        <provider
145-->[com.squareup.picasso:picasso:2.71828] AndroidManifest.xml:8:9-11:40
146            android:name="com.squareup.picasso.PicassoProvider"
146-->[com.squareup.picasso:picasso:2.71828] AndroidManifest.xml:9:13-64
147            android:authorities="com.example.myapplication.com.squareup.picasso"
147-->[com.squareup.picasso:picasso:2.71828] AndroidManifest.xml:10:13-72
148            android:exported="false" />
148-->[com.squareup.picasso:picasso:2.71828] AndroidManifest.xml:11:13-37
149
150        <activity
150-->[com.google.android.gms:play-services-base:17.1.0] AndroidManifest.xml:23:9-26:75
151            android:name="com.google.android.gms.common.api.GoogleApiActivity"
151-->[com.google.android.gms:play-services-base:17.1.0] AndroidManifest.xml:24:13-79
152            android:exported="false"
152-->[com.google.android.gms:play-services-base:17.1.0] AndroidManifest.xml:25:13-37
153            android:theme="@android:style/Theme.Translucent.NoTitleBar" />
153-->[com.google.android.gms:play-services-base:17.1.0] AndroidManifest.xml:26:13-72
154
155        <provider
155-->[com.google.firebase:firebase-common:20.0.0] AndroidManifest.xml:26:9-31:39
156            android:name="com.google.firebase.provider.FirebaseInitProvider"
156-->[com.google.firebase:firebase-common:20.0.0] AndroidManifest.xml:27:13-77
157            android:authorities="com.example.myapplication.firebaseinitprovider"
157-->[com.google.firebase:firebase-common:20.0.0] AndroidManifest.xml:28:13-72
158            android:directBootAware="true"
158-->[com.google.firebase:firebase-common:20.0.0] AndroidManifest.xml:29:13-43
159            android:exported="false"
159-->[com.google.firebase:firebase-common:20.0.0] AndroidManifest.xml:30:13-37
160            android:initOrder="100" />
160-->[com.google.firebase:firebase-common:20.0.0] AndroidManifest.xml:31:13-36
161
162        <meta-data
162-->[com.google.android.gms:play-services-basement:17.1.0] AndroidManifest.xml:23:9-25:69
163            android:name="com.google.android.gms.version"
163-->[com.google.android.gms:play-services-basement:17.1.0] AndroidManifest.xml:24:13-58
164            android:value="@integer/google_play_services_version" />
164-->[com.google.android.gms:play-services-basement:17.1.0] AndroidManifest.xml:25:13-66
165    </application>
166
167</manifest>